2018-04-12 20:04:05 [main] INFO  c.j.s.p.JvboSpringBootPraticeApplication - Starting JvboSpringBootPraticeApplication on jvbo with PID 3128 (F:\software\git\repo\jvbo\jvbo-springboot\jvbo-springboot-practice\target\classes started by thinkpad in F:\software\git\repo\jvbo\jvbo-springboot\jvbo-springboot-practice)
2018-04-12 20:04:05 [main] INFO  c.j.s.p.JvboSpringBootPraticeApplication - The following profiles are active: dev
2018-04-12 20:04:05 [main] INFO  o.s.b.w.s.c.AnnotationConfigServletWebServerApplicationContext - Refreshing org.springframework.boot.web.servlet.context.AnnotationConfigServletWebServerApplicationContext@6379eb: startup date [Thu Apr 12 20:04:05 CST 2018]; root of context hierarchy
2018-04-12 20:05:20 [main] INFO  c.j.s.p.JvboSpringBootPraticeApplication - Starting JvboSpringBootPraticeApplication on jvbo with PID 2972 (F:\software\git\repo\jvbo\jvbo-springboot\jvbo-springboot-practice\target\classes started by thinkpad in F:\software\git\repo\jvbo\jvbo-springboot\jvbo-springboot-practice)
2018-04-12 20:05:20 [main] INFO  c.j.s.p.JvboSpringBootPraticeApplication - The following profiles are active: dev
2018-04-12 20:05:20 [main] INFO  o.s.b.w.s.c.AnnotationConfigServletWebServerApplicationContext - Refreshing org.springframework.boot.web.servlet.context.AnnotationConfigServletWebServerApplicationContext@6e4784bc: startup date [Thu Apr 12 20:05:20 CST 2018]; root of context hierarchy
2018-04-12 20:06:37 [main] INFO  c.j.s.p.JvboSpringBootPraticeApplication - Starting JvboSpringBootPraticeApplication on jvbo with PID 10916 (F:\software\git\repo\jvbo\jvbo-springboot\jvbo-springboot-practice\target\classes started by thinkpad in F:\software\git\repo\jvbo\jvbo-springboot\jvbo-springboot-practice)
2018-04-12 20:06:37 [main] INFO  c.j.s.p.JvboSpringBootPraticeApplication - The following profiles are active: dev
2018-04-12 20:06:37 [main] INFO  o.s.b.w.s.c.AnnotationConfigServletWebServerApplicationContext - Refreshing org.springframework.boot.web.servlet.context.AnnotationConfigServletWebServerApplicationContext@9225652: startup date [Thu Apr 12 20:06:37 CST 2018]; root of context hierarchy
2018-04-12 20:07:00 [main] INFO  c.j.s.p.JvboSpringBootPraticeApplication - Starting JvboSpringBootPraticeApplication on jvbo with PID 10540 (F:\software\git\repo\jvbo\jvbo-springboot\jvbo-springboot-practice\target\classes started by thinkpad in F:\software\git\repo\jvbo\jvbo-springboot\jvbo-springboot-practice)
2018-04-12 20:07:00 [main] INFO  c.j.s.p.JvboSpringBootPraticeApplication - The following profiles are active: dev
2018-04-12 20:07:00 [main] INFO  o.s.b.w.s.c.AnnotationConfigServletWebServerApplicationContext - Refreshing org.springframework.boot.web.servlet.context.AnnotationConfigServletWebServerApplicationContext@67a20f67: startup date [Thu Apr 12 20:07:00 CST 2018]; root of context hierarchy
2018-04-12 20:15:57 [main] INFO  c.j.s.p.JvboSpringBootPraticeApplication - Starting JvboSpringBootPraticeApplication on jvbo with PID 13416 (F:\software\git\repo\jvbo\jvbo-springboot\jvbo-springboot-practice\target\classes started by thinkpad in F:\software\git\repo\jvbo\jvbo-springboot\jvbo-springboot-practice)
2018-04-12 20:15:57 [main] INFO  c.j.s.p.JvboSpringBootPraticeApplication - The following profiles are active: dev
2018-04-12 20:15:57 [main] INFO  o.s.b.w.s.c.AnnotationConfigServletWebServerApplicationContext - Refreshing org.springframework.boot.web.servlet.context.AnnotationConfigServletWebServerApplicationContext@43195e57: startup date [Thu Apr 12 20:15:57 CST 2018]; root of context hierarchy
2018-04-12 20:15:59 [main] INFO  o.s.b.w.e.tomcat.TomcatWebServer - Tomcat initialized with port(s): 8088 (http)
2018-04-12 20:15:59 [main] INFO  o.a.coyote.http11.Http11NioProtocol - Initializing ProtocolHandler ["http-nio-8088"]
2018-04-12 20:15:59 [main] INFO  o.a.catalina.core.StandardService - Starting service [Tomcat]
2018-04-12 20:15:59 [main] INFO  o.a.catalina.core.StandardEngine - Starting Servlet Engine: Apache Tomcat/8.5.29
2018-04-12 20:15:59 [localhost-startStop-1] INFO  o.a.c.core.AprLifecycleListener - The APR based Apache Tomcat Native library which allows optimal performance in production environments was not found on the java.library.path: [D:\software\java\jdk8\bin;C:\Windows\Sun\Java\bin;C:\Windows\system32;C:\Windows;D:/software/java/jre8/bin/server;D:/software/java/jre8/bin;D:/software/java/jre8/lib/amd64;C:\ProgramData\Oracle\Java\javapath;C:\Program Files (x86)\Intel\iCLS Client\;C:\Program Files\Intel\iCLS Client\;C:\Windows\system32;C:\Windows;C:\Windows\System32\Wbem;C:\Windows\System32\WindowsPowerShell\v1.0\;C:\Program Files (x86)\Intel\Intel(R) Management Engine Components\DAL;C:\Program Files\Intel\Intel(R) Management Engine Components\DAL;C:\Program Files (x86)\Intel\Intel(R) Management Engine Components\IPT;C:\Program Files\Intel\Intel(R) Management Engine Components\IPT;C:\Program Files (x86)\NVIDIA Corporation\PhysX\Common;C:\Program Files\Lenovo\Touch Fingerprint Software\;D:\software\java\jdk8\bin;D:\software\java\jdk8\jre\bin;D:\software\sqlserver\common\110\DTS\Binn\;D:\software\sqlserver\common(x86)\110\Tools\Binn\;D:\software\sqlserver\common\110\Tools\Binn\;D:\software\sqlserver\common(x86)\110\Tools\Binn\ManagementStudio\;C:\Program Files (x86)\Microsoft Visual Studio 10.0\Common7\IDE\PrivateAssemblies\;D:\software\sqlserver\common(x86)\110\DTS\Binn\;D:\software\apache-maven-3.3.9\bin;C:\Program Files (x86)\Windows Kits\8.1\Windows Performance Toolkit\;D:\software\node\;D:\software\Git\cmd;F:\software\node\node_global;C:\Program Files (x86)\Microsoft SQL Server\100\Tools\Binn\;C:\Program Files\Microsoft SQL Server\100\Tools\Binn\;C:\Program Files\Microsoft SQL Server\100\DTS\Binn\;C:\cygwin64\bin;D:\software\keilc51\C51\BIN;D:\software\gradle\gradle-4.4.1-all\gradle-4.4.1\bin;C:\cygwin64\bin;D:\software\vs2013\VC\bin;;D:\software\mercurial;C:\Users\thinkpad\AppData\Roaming\npm;F:\software\node\node_global;D:\software\eclipse\eclipse-jee-neon-3-win32-x86_64\eclipse;;.]
2018-04-12 20:15:59 [localhost-startStop-1] INFO  o.a.c.c.C.[Tomcat].[localhost].[/] - Initializing Spring embedded WebApplicationContext
2018-04-12 20:15:59 [localhost-startStop-1] INFO  o.s.web.context.ContextLoader - Root WebApplicationContext: initialization completed in 1994 ms
2018-04-12 20:15:59 [localhost-startStop-1] INFO  o.s.b.w.s.ServletRegistrationBean - Servlet dispatcherServlet mapped to [/]
2018-04-12 20:15:59 [localhost-startStop-1] INFO  o.s.b.w.s.ServletRegistrationBean - Servlet statViewServlet mapped to [/druid/*]
2018-04-12 20:15:59 [localhost-startStop-1] INFO  o.s.b.w.s.ServletRegistrationBean - Servlet com.jvbo.springboot.practice.module.druid.DruidStatViewServlet mapped to [/druid/*]
2018-04-12 20:15:59 [localhost-startStop-1] INFO  o.s.b.w.s.FilterRegistrationBean - Mapping filter: 'characterEncodingFilter' to: [/*]
2018-04-12 20:15:59 [localhost-startStop-1] INFO  o.s.b.w.s.FilterRegistrationBean - Mapping filter: 'hiddenHttpMethodFilter' to: [/*]
2018-04-12 20:15:59 [localhost-startStop-1] INFO  o.s.b.w.s.FilterRegistrationBean - Mapping filter: 'httpPutFormContentFilter' to: [/*]
2018-04-12 20:15:59 [localhost-startStop-1] INFO  o.s.b.w.s.FilterRegistrationBean - Mapping filter: 'requestContextFilter' to: [/*]
2018-04-12 20:15:59 [localhost-startStop-1] INFO  o.s.b.w.s.FilterRegistrationBean - Mapping filter: 'webStatFilter' to urls: [/*]
2018-04-12 20:15:59 [localhost-startStop-1] INFO  o.s.b.w.s.FilterRegistrationBean - Mapping filter: 'druidWebStatFilter' to urls: [/*]
2018-04-12 20:15:59 [main] INFO  c.a.d.s.b.a.DruidDataSourceAutoConfigure - Init DruidDataSource
2018-04-12 20:15:59 [main] INFO  c.alibaba.druid.pool.DruidDataSource - {dataSource-1} inited
2018-04-12 20:16:00 [main] INFO  c.alibaba.druid.pool.DruidDataSource - {dataSource-1} closed
2018-04-12 20:16:00 [main] INFO  o.a.catalina.core.StandardService - Stopping service [Tomcat]
2018-04-12 20:18:13 [main] INFO  c.j.s.p.JvboSpringBootPraticeApplication - Starting JvboSpringBootPraticeApplication on jvbo with PID 4444 (F:\software\git\repo\jvbo\jvbo-springboot\jvbo-springboot-practice\target\classes started by thinkpad in F:\software\git\repo\jvbo\jvbo-springboot\jvbo-springboot-practice)
2018-04-12 20:18:13 [main] INFO  c.j.s.p.JvboSpringBootPraticeApplication - The following profiles are active: dev
2018-04-12 20:18:13 [main] INFO  o.s.b.w.s.c.AnnotationConfigServletWebServerApplicationContext - Refreshing org.springframework.boot.web.servlet.context.AnnotationConfigServletWebServerApplicationContext@7b9a4292: startup date [Thu Apr 12 20:18:13 CST 2018]; root of context hierarchy
2018-04-12 20:18:15 [main] INFO  o.s.b.w.e.tomcat.TomcatWebServer - Tomcat initialized with port(s): 8088 (http)
2018-04-12 20:18:15 [main] INFO  o.a.coyote.http11.Http11NioProtocol - Initializing ProtocolHandler ["http-nio-8088"]
2018-04-12 20:18:15 [main] INFO  o.a.catalina.core.StandardService - Starting service [Tomcat]
2018-04-12 20:18:15 [main] INFO  o.a.catalina.core.StandardEngine - Starting Servlet Engine: Apache Tomcat/8.5.29
2018-04-12 20:18:15 [localhost-startStop-1] INFO  o.a.c.core.AprLifecycleListener - The APR based Apache Tomcat Native library which allows optimal performance in production environments was not found on the java.library.path: [D:\software\java\jdk8\bin;C:\Windows\Sun\Java\bin;C:\Windows\system32;C:\Windows;D:/software/java/jre8/bin/server;D:/software/java/jre8/bin;D:/software/java/jre8/lib/amd64;C:\ProgramData\Oracle\Java\javapath;C:\Program Files (x86)\Intel\iCLS Client\;C:\Program Files\Intel\iCLS Client\;C:\Windows\system32;C:\Windows;C:\Windows\System32\Wbem;C:\Windows\System32\WindowsPowerShell\v1.0\;C:\Program Files (x86)\Intel\Intel(R) Management Engine Components\DAL;C:\Program Files\Intel\Intel(R) Management Engine Components\DAL;C:\Program Files (x86)\Intel\Intel(R) Management Engine Components\IPT;C:\Program Files\Intel\Intel(R) Management Engine Components\IPT;C:\Program Files (x86)\NVIDIA Corporation\PhysX\Common;C:\Program Files\Lenovo\Touch Fingerprint Software\;D:\software\java\jdk8\bin;D:\software\java\jdk8\jre\bin;D:\software\sqlserver\common\110\DTS\Binn\;D:\software\sqlserver\common(x86)\110\Tools\Binn\;D:\software\sqlserver\common\110\Tools\Binn\;D:\software\sqlserver\common(x86)\110\Tools\Binn\ManagementStudio\;C:\Program Files (x86)\Microsoft Visual Studio 10.0\Common7\IDE\PrivateAssemblies\;D:\software\sqlserver\common(x86)\110\DTS\Binn\;D:\software\apache-maven-3.3.9\bin;C:\Program Files (x86)\Windows Kits\8.1\Windows Performance Toolkit\;D:\software\node\;D:\software\Git\cmd;F:\software\node\node_global;C:\Program Files (x86)\Microsoft SQL Server\100\Tools\Binn\;C:\Program Files\Microsoft SQL Server\100\Tools\Binn\;C:\Program Files\Microsoft SQL Server\100\DTS\Binn\;C:\cygwin64\bin;D:\software\keilc51\C51\BIN;D:\software\gradle\gradle-4.4.1-all\gradle-4.4.1\bin;C:\cygwin64\bin;D:\software\vs2013\VC\bin;;D:\software\mercurial;C:\Users\thinkpad\AppData\Roaming\npm;F:\software\node\node_global;D:\software\eclipse\eclipse-jee-neon-3-win32-x86_64\eclipse;;.]
2018-04-12 20:18:15 [localhost-startStop-1] INFO  o.a.c.c.C.[Tomcat].[localhost].[/] - Initializing Spring embedded WebApplicationContext
2018-04-12 20:18:15 [localhost-startStop-1] INFO  o.s.web.context.ContextLoader - Root WebApplicationContext: initialization completed in 1936 ms
2018-04-12 20:18:15 [localhost-startStop-1] INFO  o.s.b.w.s.ServletRegistrationBean - Servlet dispatcherServlet mapped to [/]
2018-04-12 20:18:15 [localhost-startStop-1] INFO  o.s.b.w.s.ServletRegistrationBean - Servlet statViewServlet mapped to [/druid/*]
2018-04-12 20:18:15 [localhost-startStop-1] INFO  o.s.b.w.s.ServletRegistrationBean - Servlet com.jvbo.springboot.practice.module.druid.DruidStatViewServlet mapped to [/druid/*]
2018-04-12 20:18:15 [localhost-startStop-1] INFO  o.s.b.w.s.FilterRegistrationBean - Mapping filter: 'characterEncodingFilter' to: [/*]
2018-04-12 20:18:15 [localhost-startStop-1] INFO  o.s.b.w.s.FilterRegistrationBean - Mapping filter: 'hiddenHttpMethodFilter' to: [/*]
2018-04-12 20:18:15 [localhost-startStop-1] INFO  o.s.b.w.s.FilterRegistrationBean - Mapping filter: 'httpPutFormContentFilter' to: [/*]
2018-04-12 20:18:15 [localhost-startStop-1] INFO  o.s.b.w.s.FilterRegistrationBean - Mapping filter: 'requestContextFilter' to: [/*]
2018-04-12 20:18:15 [localhost-startStop-1] INFO  o.s.b.w.s.FilterRegistrationBean - Mapping filter: 'webStatFilter' to urls: [/*]
2018-04-12 20:18:15 [localhost-startStop-1] INFO  o.s.b.w.s.FilterRegistrationBean - Mapping filter: 'druidWebStatFilter' to urls: [/*]
2018-04-12 20:18:15 [main] INFO  c.a.d.s.b.a.DruidDataSourceAutoConfigure - Init DruidDataSource
2018-04-12 20:18:16 [main] INFO  c.alibaba.druid.pool.DruidDataSource - {dataSource-1} inited
2018-04-12 20:18:16 [main] INFO  c.alibaba.druid.pool.DruidDataSource - {dataSource-1} closed
2018-04-12 20:18:16 [main] INFO  o.a.catalina.core.StandardService - Stopping service [Tomcat]
2018-04-12 20:19:16 [main] INFO  c.j.s.p.JvboSpringBootPraticeApplication - Starting JvboSpringBootPraticeApplication on jvbo with PID 15156 (F:\software\git\repo\jvbo\jvbo-springboot\jvbo-springboot-practice\target\classes started by thinkpad in F:\software\git\repo\jvbo\jvbo-springboot\jvbo-springboot-practice)
2018-04-12 20:19:16 [main] INFO  c.j.s.p.JvboSpringBootPraticeApplication - The following profiles are active: dev
2018-04-12 20:19:17 [main] INFO  o.s.b.w.s.c.AnnotationConfigServletWebServerApplicationContext - Refreshing org.springframework.boot.web.servlet.context.AnnotationConfigServletWebServerApplicationContext@1fa268de: startup date [Thu Apr 12 20:19:17 CST 2018]; root of context hierarchy
2018-04-12 20:19:18 [main] INFO  o.s.b.w.e.tomcat.TomcatWebServer - Tomcat initialized with port(s): 8088 (http)
2018-04-12 20:19:18 [main] INFO  o.a.coyote.http11.Http11NioProtocol - Initializing ProtocolHandler ["http-nio-8088"]
2018-04-12 20:19:18 [main] INFO  o.a.catalina.core.StandardService - Starting service [Tomcat]
2018-04-12 20:19:18 [main] INFO  o.a.catalina.core.StandardEngine - Starting Servlet Engine: Apache Tomcat/8.5.29
2018-04-12 20:19:18 [localhost-startStop-1] INFO  o.a.c.core.AprLifecycleListener - The APR based Apache Tomcat Native library which allows optimal performance in production environments was not found on the java.library.path: [D:\software\java\jdk8\bin;C:\Windows\Sun\Java\bin;C:\Windows\system32;C:\Windows;D:/software/java/jre8/bin/server;D:/software/java/jre8/bin;D:/software/java/jre8/lib/amd64;C:\ProgramData\Oracle\Java\javapath;C:\Program Files (x86)\Intel\iCLS Client\;C:\Program Files\Intel\iCLS Client\;C:\Windows\system32;C:\Windows;C:\Windows\System32\Wbem;C:\Windows\System32\WindowsPowerShell\v1.0\;C:\Program Files (x86)\Intel\Intel(R) Management Engine Components\DAL;C:\Program Files\Intel\Intel(R) Management Engine Components\DAL;C:\Program Files (x86)\Intel\Intel(R) Management Engine Components\IPT;C:\Program Files\Intel\Intel(R) Management Engine Components\IPT;C:\Program Files (x86)\NVIDIA Corporation\PhysX\Common;C:\Program Files\Lenovo\Touch Fingerprint Software\;D:\software\java\jdk8\bin;D:\software\java\jdk8\jre\bin;D:\software\sqlserver\common\110\DTS\Binn\;D:\software\sqlserver\common(x86)\110\Tools\Binn\;D:\software\sqlserver\common\110\Tools\Binn\;D:\software\sqlserver\common(x86)\110\Tools\Binn\ManagementStudio\;C:\Program Files (x86)\Microsoft Visual Studio 10.0\Common7\IDE\PrivateAssemblies\;D:\software\sqlserver\common(x86)\110\DTS\Binn\;D:\software\apache-maven-3.3.9\bin;C:\Program Files (x86)\Windows Kits\8.1\Windows Performance Toolkit\;D:\software\node\;D:\software\Git\cmd;F:\software\node\node_global;C:\Program Files (x86)\Microsoft SQL Server\100\Tools\Binn\;C:\Program Files\Microsoft SQL Server\100\Tools\Binn\;C:\Program Files\Microsoft SQL Server\100\DTS\Binn\;C:\cygwin64\bin;D:\software\keilc51\C51\BIN;D:\software\gradle\gradle-4.4.1-all\gradle-4.4.1\bin;C:\cygwin64\bin;D:\software\vs2013\VC\bin;;D:\software\mercurial;C:\Users\thinkpad\AppData\Roaming\npm;F:\software\node\node_global;D:\software\eclipse\eclipse-jee-neon-3-win32-x86_64\eclipse;;.]
2018-04-12 20:19:18 [localhost-startStop-1] INFO  o.a.c.c.C.[Tomcat].[localhost].[/] - Initializing Spring embedded WebApplicationContext
2018-04-12 20:19:18 [localhost-startStop-1] INFO  o.s.web.context.ContextLoader - Root WebApplicationContext: initialization completed in 1863 ms
2018-04-12 20:19:19 [localhost-startStop-1] INFO  o.s.b.w.s.ServletRegistrationBean - Servlet dispatcherServlet mapped to [/]
2018-04-12 20:19:19 [localhost-startStop-1] INFO  o.s.b.w.s.ServletRegistrationBean - Servlet statViewServlet mapped to [/druid/*]
2018-04-12 20:19:19 [localhost-startStop-1] INFO  o.s.b.w.s.ServletRegistrationBean - Servlet com.jvbo.springboot.practice.module.druid.DruidStatViewServlet mapped to [/druid/*]
2018-04-12 20:19:19 [localhost-startStop-1] INFO  o.s.b.w.s.FilterRegistrationBean - Mapping filter: 'characterEncodingFilter' to: [/*]
2018-04-12 20:19:19 [localhost-startStop-1] INFO  o.s.b.w.s.FilterRegistrationBean - Mapping filter: 'hiddenHttpMethodFilter' to: [/*]
2018-04-12 20:19:19 [localhost-startStop-1] INFO  o.s.b.w.s.FilterRegistrationBean - Mapping filter: 'httpPutFormContentFilter' to: [/*]
2018-04-12 20:19:19 [localhost-startStop-1] INFO  o.s.b.w.s.FilterRegistrationBean - Mapping filter: 'requestContextFilter' to: [/*]
2018-04-12 20:19:19 [localhost-startStop-1] INFO  o.s.b.w.s.FilterRegistrationBean - Mapping filter: 'webStatFilter' to urls: [/*]
2018-04-12 20:19:19 [localhost-startStop-1] INFO  o.s.b.w.s.FilterRegistrationBean - Mapping filter: 'druidWebStatFilter' to urls: [/*]
2018-04-12 20:19:19 [main] INFO  c.a.d.s.b.a.DruidDataSourceAutoConfigure - Init DruidDataSource
2018-04-12 20:19:19 [main] INFO  c.alibaba.druid.pool.DruidDataSource - {dataSource-1} inited
2018-04-12 20:19:20 [main] INFO  o.s.w.s.h.SimpleUrlHandlerMapping - Mapped URL path [/**/favicon.ico] onto handler of type [class org.springframework.web.servlet.resource.ResourceHttpRequestHandler]
2018-04-12 20:19:20 [main] INFO  o.s.w.s.m.m.a.RequestMappingHandlerAdapter - Looking for @ControllerAdvice: org.springframework.boot.web.servlet.context.AnnotationConfigServletWebServerApplicationContext@1fa268de: startup date [Thu Apr 12 20:19:17 CST 2018]; root of context hierarchy
2018-04-12 20:19:20 [main] INFO  o.s.w.s.m.m.a.RequestMappingHandlerMapping - Mapped "{[/ucenter/test/home]}" onto public java.lang.String com.jvbo.springboot.practice.module.ucenter.controller.TestController.home(org.springframework.ui.ModelMap)
2018-04-12 20:19:20 [main] INFO  o.s.w.s.m.m.a.RequestMappingHandlerMapping - Mapped "{[/ucenter/member/find/{id}],methods=[GET]}" onto public com.jvbo.springboot.practice.framework.response.Response<com.jvbo.springboot.practice.core.model.UcMember> com.jvbo.springboot.practice.module.ucenter.controller.UcMemberController.find(java.lang.String)
2018-04-12 20:19:20 [main] INFO  o.s.w.s.m.m.a.RequestMappingHandlerMapping - Mapped "{[/ucenter/member/delete/{ids}],methods=[POST]}" onto public com.jvbo.springboot.practice.framework.response.Response<java.lang.Boolean> com.jvbo.springboot.practice.module.ucenter.controller.UcMemberController.delete(java.lang.String)
2018-04-12 20:19:20 [main] INFO  o.s.w.s.m.m.a.RequestMappingHandlerMapping - Mapped "{[/ucenter/member/create],methods=[POST]}" onto public com.jvbo.springboot.practice.framework.response.Response<java.lang.Boolean> com.jvbo.springboot.practice.module.ucenter.controller.UcMemberController.create(com.jvbo.springboot.practice.module.ucenter.vo.UcMemberVo,org.springframework.validation.BindingResult)
2018-04-12 20:19:20 [main] INFO  o.s.w.s.m.m.a.RequestMappingHandlerMapping - Mapped "{[/ucenter/member/listStartPage],methods=[GET]}" onto public com.jvbo.springboot.practice.framework.response.Response<java.util.List<com.jvbo.springboot.practice.core.model.UcMember>> com.jvbo.springboot.practice.module.ucenter.controller.UcMemberController.listStartPage(int,int,java.lang.String,java.lang.String)
2018-04-12 20:19:20 [main] INFO  o.s.w.s.m.m.a.RequestMappingHandlerMapping - Mapped "{[/ucenter/member/datagridOffset],methods=[GET]}" onto public com.jvbo.springboot.practice.framework.response.Response<com.jvbo.springboot.practice.framework.mybatis.page.DataGrid<com.jvbo.springboot.practice.core.model.UcMember>> com.jvbo.springboot.practice.module.ucenter.controller.UcMemberController.datagridOffset(int,int,java.lang.String,java.lang.String)
2018-04-12 20:19:20 [main] INFO  o.s.w.s.m.m.a.RequestMappingHandlerMapping - Mapped "{[/ucenter/member/listOffset],methods=[GET]}" onto public com.jvbo.springboot.practice.framework.response.Response<java.util.List<com.jvbo.springboot.practice.core.model.UcMember>> com.jvbo.springboot.practice.module.ucenter.controller.UcMemberController.listOffset(int,int,java.lang.String,java.lang.String)
2018-04-12 20:19:20 [main] INFO  o.s.w.s.m.m.a.RequestMappingHandlerMapping - Mapped "{[/ucenter/member/update/{id}],methods=[POST]}" onto public com.jvbo.springboot.practice.framework.response.Response<java.lang.Boolean> com.jvbo.springboot.practice.module.ucenter.controller.UcMemberController.modify(java.lang.String,com.jvbo.springboot.practice.module.ucenter.vo.UcMemberVo)
2018-04-12 20:19:20 [main] INFO  o.s.w.s.m.m.a.RequestMappingHandlerMapping - Mapped "{[/ucenter/member/datagridStartPage],methods=[GET]}" onto public com.jvbo.springboot.practice.framework.response.Response<com.jvbo.springboot.practice.framework.mybatis.page.DataGrid<com.jvbo.springboot.practice.core.model.UcMember>> com.jvbo.springboot.practice.module.ucenter.controller.UcMemberController.datagridStartPage(int,int,java.lang.String,java.lang.String)
2018-04-12 20:19:20 [main] INFO  o.s.w.s.m.m.a.RequestMappingHandlerMapping - Mapped "{[/error]}" onto public org.springframework.http.ResponseEntity<java.util.Map<java.lang.String, java.lang.Object>> org.springframework.boot.autoconfigure.web.servlet.error.BasicErrorController.error(javax.servlet.http.HttpServletRequest)
2018-04-12 20:19:20 [main] INFO  o.s.w.s.m.m.a.RequestMappingHandlerMapping - Mapped "{[/error],produces=[text/html]}" onto public org.springframework.web.servlet.ModelAndView org.springframework.boot.autoconfigure.web.servlet.error.BasicErrorController.errorHtml(javax.servlet.http.HttpServletRequest,javax.servlet.http.HttpServletResponse)
2018-04-12 20:19:20 [main] INFO  o.s.w.s.h.SimpleUrlHandlerMapping - Mapped URL path [/webjars/**] onto handler of type [class org.springframework.web.servlet.resource.ResourceHttpRequestHandler]
2018-04-12 20:19:20 [main] INFO  o.s.w.s.h.SimpleUrlHandlerMapping - Mapped URL path [/**] onto handler of type [class org.springframework.web.servlet.resource.ResourceHttpRequestHandler]
2018-04-12 20:19:20 [main] INFO  o.s.j.e.a.AnnotationMBeanExporter - Registering beans for JMX exposure on startup
2018-04-12 20:19:20 [main] INFO  o.s.j.e.a.AnnotationMBeanExporter - Bean with name 'statFilter' has been autodetected for JMX exposure
2018-04-12 20:19:20 [main] INFO  o.s.j.e.a.AnnotationMBeanExporter - Bean with name 'dataSource' has been autodetected for JMX exposure
2018-04-12 20:19:20 [main] INFO  o.s.j.e.a.AnnotationMBeanExporter - Located MBean 'dataSource': registering with JMX server as MBean [com.alibaba.druid.spring.boot.autoconfigure:name=dataSource,type=DruidDataSourceWrapper]
2018-04-12 20:19:20 [main] INFO  o.s.j.e.a.AnnotationMBeanExporter - Located MBean 'statFilter': registering with JMX server as MBean [com.alibaba.druid.filter.stat:name=statFilter,type=StatFilter]
2018-04-12 20:19:20 [main] INFO  o.a.coyote.http11.Http11NioProtocol - Starting ProtocolHandler ["http-nio-8088"]
2018-04-12 20:19:20 [main] INFO  o.a.tomcat.util.net.NioSelectorPool - Using a shared selector for servlet write/read
2018-04-12 20:19:20 [main] INFO  o.s.b.w.e.tomcat.TomcatWebServer - Tomcat started on port(s): 8088 (http) with context path ''
2018-04-12 20:19:20 [main] INFO  c.j.s.p.JvboSpringBootPraticeApplication - Started JvboSpringBootPraticeApplication in 4.289 seconds (JVM running for 4.973)
2018-04-12 20:19:20 [main] INFO  c.j.s.p.JvboSpringBootPraticeApplication - >>>>> 系统初始化完毕 <<<<<
2018-04-12 20:21:13 [RMI TCP Connection(2)-127.0.0.1] INFO  o.s.b.a.SpringApplicationAdminMXBeanRegistrar$SpringApplicationAdmin - Application shutdown requested.
2018-04-12 20:21:13 [RMI TCP Connection(2)-127.0.0.1] INFO  o.s.b.w.s.c.AnnotationConfigServletWebServerApplicationContext - Closing org.springframework.boot.web.servlet.context.AnnotationConfigServletWebServerApplicationContext@1fa268de: startup date [Thu Apr 12 20:19:17 CST 2018]; root of context hierarchy
2018-04-12 20:21:13 [RMI TCP Connection(2)-127.0.0.1] INFO  c.alibaba.druid.pool.DruidDataSource - {dataSource-1} closed
